Building shell
DEPRECATED: The legacy builder is deprecated and will be removed in a future release.
            Install the buildx component to build images with BuildKit:
            https://docs.docker.com/go/buildx/

Sending build context to Docker daemon  20.48kB
Step 1/9 : FROM python:3.11-slim
 ---> 233de06753d3
Step 2/9 : LABEL maintainer="Sahil Kanojia"
 ---> Using cache
 ---> 21d69be200dc
Step 3/9 : LABEL project="MSc Dissertation — Context-Aware RL Jigsaw Assembly"
 ---> Using cache
 ---> 56e066bc961d
Step 4/9 : RUN apt-get update && apt-get install -y --no-install-recommends     git     curl     wget     build-essential     libgl1     libglib2.0-0     libsm6     libxext6     libxrender-dev     libgomp1     && rm -rf /var/lib/apt/lists/*
 ---> Using cache
 ---> 6d26709420b2
Step 5/9 : COPY requirements.txt /tmp/requirements.txt
 ---> Using cache
 ---> d3d22b299dc5
Step 6/9 : RUN pip install --no-cache-dir --upgrade pip &&     pip install --no-cache-dir -r /tmp/requirements.txt
 ---> Using cache
 ---> 64cfc8c85971
Step 7/9 : WORKDIR /workspace
 ---> Using cache
 ---> 4ba85fec7c89
Step 8/9 : EXPOSE 6006 8888
 ---> Using cache
 ---> a2bd96e254f5
Step 9/9 : CMD ["/bin/bash"]
 ---> Using cache
 ---> eee455632288
Successfully built eee455632288
Successfully tagged diss-jigsaw-docker_shell:latest
Building tensorboard
DEPRECATED: The legacy builder is deprecated and will be removed in a future release.
            Install the buildx component to build images with BuildKit:
            https://docs.docker.com/go/buildx/

Sending build context to Docker daemon  22.02kB
Step 1/9 : FROM python:3.11-slim
 ---> 233de06753d3
Step 2/9 : LABEL maintainer="Sahil Kanojia"
 ---> Using cache
 ---> 21d69be200dc
Step 3/9 : LABEL project="MSc Dissertation — Context-Aware RL Jigsaw Assembly"
 ---> Using cache
 ---> 56e066bc961d
Step 4/9 : RUN apt-get update && apt-get install -y --no-install-recommends     git     curl     wget     build-essential     libgl1     libglib2.0-0     libsm6     libxext6     libxrender-dev     libgomp1     && rm -rf /var/lib/apt/lists/*
 ---> Using cache
 ---> 6d26709420b2
Step 5/9 : COPY requirements.txt /tmp/requirements.txt
 ---> Using cache
 ---> d3d22b299dc5
Step 6/9 : RUN pip install --no-cache-dir --upgrade pip &&     pip install --no-cache-dir -r /tmp/requirements.txt
 ---> Using cache
 ---> 64cfc8c85971
Step 7/9 : WORKDIR /workspace
 ---> Using cache
 ---> 4ba85fec7c89
Step 8/9 : EXPOSE 6006 8888
 ---> Using cache
 ---> a2bd96e254f5
Step 9/9 : CMD ["/bin/bash"]
 ---> Using cache
 ---> eee455632288
Successfully built eee455632288
Successfully tagged diss-jigsaw-docker_tensorboard:latest
Building jupyter
DEPRECATED: The legacy builder is deprecated and will be removed in a future release.
            Install the buildx component to build images with BuildKit:
            https://docs.docker.com/go/buildx/

Sending build context to Docker daemon  23.04kB
Step 1/9 : FROM python:3.11-slim
 ---> 233de06753d3
Step 2/9 : LABEL maintainer="Sahil Kanojia"
 ---> Using cache
 ---> 21d69be200dc
Step 3/9 : LABEL project="MSc Dissertation — Context-Aware RL Jigsaw Assembly"
 ---> Using cache
 ---> 56e066bc961d
Step 4/9 : RUN apt-get update && apt-get install -y --no-install-recommends     git     curl     wget     build-essential     libgl1     libglib2.0-0     libsm6     libxext6     libxrender-dev     libgomp1     && rm -rf /var/lib/apt/lists/*
 ---> Using cache
 ---> 6d26709420b2
Step 5/9 : COPY requirements.txt /tmp/requirements.txt
 ---> Using cache
 ---> d3d22b299dc5
Step 6/9 : RUN pip install --no-cache-dir --upgrade pip &&     pip install --no-cache-dir -r /tmp/requirements.txt
 ---> Using cache
 ---> 64cfc8c85971
Step 7/9 : WORKDIR /workspace
 ---> Using cache
 ---> 4ba85fec7c89
Step 8/9 : EXPOSE 6006 8888
 ---> Using cache
 ---> a2bd96e254f5
Step 9/9 : CMD ["/bin/bash"]
 ---> Using cache
 ---> eee455632288
Successfully built eee455632288
Successfully tagged diss-jigsaw-docker_jupyter:latest
